23/03/2025 18:50 - INFO - Termo: Gestão da Informação: Gestão Documental, Atributo: usuariobasicoseiorgao101
23/03/2025 18:50 - INFO - Termo: Gestão da Informação: Normatização Interna, Atributo: usuariobasicoseiorgao101
23/03/2025 18:50 - INFO - Termo: Gestão da Informação: Recebimento de Processo Externo, Atributo: usuario1
23/03/2025 18:50 - INFO - Termo: Material: Inventário de Material Permanente, Atributo: ORGAO1
23/03/2025 18:50 - INFO - Termo: Gestão e Controle: Executar Auditoria Interna, Atributo: ORGAO1
23/03/2025 18:51 - INFO - 
23/03/2025 18:51 - INFO - ===== Logs de Domingo, 23 de Março de 2025, às 18:51:26 =====
23/03/2025 18:51 - INFO - Iniciando script SEI...
23/03/2025 18:51 - INFO - Login realizado com sucesso
23/03/2025 18:51 - INFO - 
Processando página 1
23/03/2025 18:51 - INFO - Procurando por: Gestão da Informação: Gestão Documental
23/03/2025 18:51 - INFO - Procurando por: Gestão da Informação: Normatização Interna
23/03/2025 18:51 - INFO - Procurando por: Gestão da Informação: Recebimento de Processo Externo
23/03/2025 18:51 - INFO - Procurando por: Material: Inventário de Material Permanente
23/03/2025 18:51 - INFO - Procurando por: Gestão e Controle: Executar Auditoria Interna
23/03/2025 18:51 - INFO - 
Processando página 2
23/03/2025 18:51 - INFO - Procurando por: Gestão da Informação: Gestão Documental
23/03/2025 18:51 - INFO - Procurando por: Gestão da Informação: Normatização Interna
23/03/2025 18:51 - INFO - Procurando por: Gestão da Informação: Recebimento de Processo Externo
23/03/2025 18:51 - INFO - Procurando por: Material: Inventário de Material Permanente
23/03/2025 18:51 - INFO - Procurando por: Gestão e Controle: Executar Auditoria Interna
23/03/2025 18:51 - INFO - 
Processando página 3
23/03/2025 18:51 - INFO - Procurando por: Gestão da Informação: Gestão Documental
23/03/2025 18:51 - INFO - Procurando por: Gestão da Informação: Normatização Interna
23/03/2025 18:51 - INFO - Procurando por: Gestão da Informação: Recebimento de Processo Externo
23/03/2025 18:51 - INFO - Procurando por: Material: Inventário de Material Permanente
23/03/2025 18:51 - INFO - Procurando por: Gestão e Controle: Executar Auditoria Interna
23/03/2025 18:51 - INFO - 
Processando página 4
23/03/2025 18:51 - INFO - Procurando por: Gestão da Informação: Gestão Documental
23/03/2025 18:51 - INFO - Procurando por: Gestão da Informação: Normatização Interna
23/03/2025 18:51 - INFO - Procurando por: Gestão da Informação: Recebimento de Processo Externo
23/03/2025 18:51 - INFO - Procurando por: Material: Inventário de Material Permanente
23/03/2025 18:51 - INFO - Procurando por: Gestão e Controle: Executar Auditoria Interna
23/03/2025 18:51 - INFO - 
Processando página 5
23/03/2025 18:51 - INFO - Procurando por: Gestão da Informação: Gestão Documental
23/03/2025 18:51 - INFO - Procurando por: Gestão da Informação: Normatização Interna
23/03/2025 18:51 - INFO - Procurando por: Gestão da Informação: Recebimento de Processo Externo
23/03/2025 18:51 - INFO - Procurando por: Material: Inventário de Material Permanente
23/03/2025 18:51 - INFO - Procurando por: Gestão e Controle: Executar Auditoria Interna
23/03/2025 18:51 - INFO - 
Processando página 6
23/03/2025 18:51 - INFO - Procurando por: Gestão da Informação: Gestão Documental
23/03/2025 18:51 - INFO - Procurando por: Gestão da Informação: Normatização Interna
23/03/2025 18:51 - INFO - Procurando por: Gestão da Informação: Recebimento de Processo Externo
23/03/2025 18:51 - INFO - Procurando por: Material: Inventário de Material Permanente
23/03/2025 18:51 - INFO - Procurando por: Gestão e Controle: Executar Auditoria Interna
23/03/2025 18:51 - INFO - 
Processando página 7
23/03/2025 18:51 - INFO - Procurando por: Gestão da Informação: Gestão Documental
23/03/2025 18:51 - INFO - Procurando por: Gestão da Informação: Normatização Interna
23/03/2025 18:51 - INFO - Procurando por: Gestão da Informação: Recebimento de Processo Externo
23/03/2025 18:51 - INFO - Procurando por: Material: Inventário de Material Permanente
23/03/2025 18:51 - INFO - Procurando por: Gestão e Controle: Executar Auditoria Interna
23/03/2025 18:51 - INFO - 
Processando página 8
23/03/2025 18:51 - INFO - Procurando por: Gestão da Informação: Gestão Documental
23/03/2025 18:51 - INFO - Procurando por: Gestão da Informação: Normatização Interna
23/03/2025 18:51 - INFO - Procurando por: Gestão da Informação: Recebimento de Processo Externo
23/03/2025 18:51 - INFO - Procurando por: Material: Inventário de Material Permanente
23/03/2025 18:51 - INFO - Procurando por: Gestão e Controle: Executar Auditoria Interna
23/03/2025 18:51 - INFO - 
Processando página 9
23/03/2025 18:51 - INFO - Procurando por: Gestão da Informação: Gestão Documental
23/03/2025 18:51 - INFO - Procurando por: Gestão da Informação: Normatização Interna
23/03/2025 18:51 - INFO - Procurando por: Gestão da Informação: Recebimento de Processo Externo
23/03/2025 18:51 - INFO - Procurando por: Material: Inventário de Material Permanente
23/03/2025 18:51 - INFO - Procurando por: Gestão e Controle: Executar Auditoria Interna
23/03/2025 18:51 - INFO - 
Processando página 10
23/03/2025 18:51 - INFO - Procurando por: Gestão da Informação: Gestão Documental
23/03/2025 18:51 - INFO - Procurando por: Gestão da Informação: Normatização Interna
23/03/2025 18:51 - INFO - Procurando por: Gestão da Informação: Recebimento de Processo Externo
23/03/2025 18:51 - INFO - Procurando por: Material: Inventário de Material Permanente
23/03/2025 18:51 - INFO - Procurando por: Gestão e Controle: Executar Auditoria Interna
23/03/2025 18:51 - INFO - 
Processando página 11
23/03/2025 18:51 - INFO - Procurando por: Gestão da Informação: Gestão Documental
23/03/2025 18:53 - INFO - Iniciando processo de atribuição
23/03/2025 18:53 - INFO - Botão de atribuição clicado
23/03/2025 18:53 - INFO - Opção usuariobasicoseiorgao101 selecionada
23/03/2025 18:53 - INFO - Procurando por: Gestão da Informação: Normatização Interna
23/03/2025 18:53 - INFO - Iniciando processo de atribuição
23/03/2025 18:53 - INFO - Botão de atribuição clicado
23/03/2025 18:53 - INFO - Opção usuariobasicoseiorgao101 selecionada
23/03/2025 18:53 - INFO - Procurando por: Gestão da Informação: Recebimento de Processo Externo
23/03/2025 18:53 - INFO - Iniciando processo de atribuição
23/03/2025 18:53 - INFO - Botão de atribuição clicado
23/03/2025 18:53 - INFO - Opção usuario1 selecionada
23/03/2025 18:53 - INFO - Procurando por: Material: Inventário de Material Permanente
23/03/2025 18:53 - INFO - Iniciando processo de atribuição
23/03/2025 18:53 - INFO - Botão de atribuição clicado
23/03/2025 18:53 - INFO - Opção ORGAO1 selecionada
23/03/2025 18:53 - INFO - Procurando por: Gestão e Controle: Executar Auditoria Interna
23/03/2025 18:53 - INFO - Iniciando processo de atribuição
23/03/2025 18:53 - INFO - Botão de atribuição clicado
23/03/2025 18:53 - INFO - Opção ORGAO1 selecionada
23/03/2025 18:53 - INFO - Última página alcançada
23/03/2025 18:53 - INFO - Script SEI executado com sucesso!
23/03/2025 18:53 - INFO - Logout realizado com sucesso
23/03/2025 18:54 - INFO - Driver fechado com sucesso
